Tuesday, September 03, 2019 02:19PM:
Behaviour: GOOD
Good count: 1

Tuesday, September 03, 2019 02:19PM:
Behaviour: GOOD
Good count: 2

Tuesday, September 03, 2019 02:19PM:
Behaviour: GOOD
Good count: 3

Tuesday, September 03, 2019 02:19PM:
Behaviour: GOOD
Good count: 4

Tuesday, September 03, 2019 02:19PM:
Behaviour: GOOD
Good count: 5

Tuesday, September 03, 2019 02:19PM:
Behaviour: GOOD
Good count: 6

Tuesday, September 03, 2019 02:19PM:
Behaviour: GOOD
Good count: 7

Tuesday, September 03, 2019 02:19PM:
Behaviour: GOOD
Good count: 8

Tuesday, September 03, 2019 02:19PM:
Behaviour: GOOD
Good count: 9

Tuesday, September 03, 2019 02:19PM:
Behaviour: GOOD
Good count: 10

Tuesday, September 03, 2019 02:19PM:
Behaviour: GOOD
Good count: 11

Tuesday, September 03, 2019 02:19PM:
Behaviour: GOOD
Good count: 12

Tuesday, September 03, 2019 02:19PM:
Behaviour: GOOD
Good count: 13

Tuesday, September 03, 2019 02:19PM:
Behaviour: GOOD
Good count: 14

Tuesday, September 03, 2019 02:19PM:
Behaviour: GOOD
Good count: 15

Tuesday, September 03, 2019 02:19PM:
Behaviour: GOOD
Good count: 16

Tuesday, September 03, 2019 02:19PM:
Behaviour: BAD
Bad count: 1

Tuesday, September 03, 2019 02:19PM:
Behaviour: BAD
Bad count: 2

Tuesday, September 03, 2019 02:19PM:
Behaviour: BAD
Bad count: 3

Tuesday, September 03, 2019 02:19PM:
Behaviour: BAD
Bad count: 4

Tuesday, September 03, 2019 02:19PM:
Behaviour: BAD
Bad count: 5

Tuesday, September 03, 2019 02:19PM:
Behaviour: BAD
Bad count: 6

Tuesday, September 03, 2019 02:19PM:
Behaviour: BAD
Bad count: 7

Tuesday, September 03, 2019 02:19PM:
Behaviour: BAD
Bad count: 8

Tuesday, September 03, 2019 02:19PM:
Behaviour: BAD
Bad count: 9

Tuesday, September 03, 2019 02:19PM:
Behaviour: BAD
Bad count: 10

Tuesday, September 03, 2019 02:19PM:
Behaviour: BAD
Bad count: 11

Tuesday, September 03, 2019 02:19PM:
Behaviour: BAD
Bad count: 12

Tuesday, September 03, 2019 02:19PM:
Behaviour: BAD
Bad count: 13

Tuesday, September 03, 2019 02:19PM:
Behaviour: BAD
Bad count: 14

Tuesday, September 03, 2019 02:19PM:
Behaviour: BAD
Bad count: 15

Tuesday, September 03, 2019 02:19PM:
Behaviour: BAD
Bad count: 16

Tuesday, September 03, 2019 02:30PM:
Behaviour: BAD
Bad count: 1

Tuesday, September 03, 2019 02:30PM:
Behaviour: BAD
Bad count: 2

Tuesday, September 03, 2019 02:30PM:
Behaviour: BAD
Bad count: 3

Tuesday, September 03, 2019 02:30PM:
Behaviour: BAD
Bad count: 4

Tuesday, September 03, 2019 02:30PM:
Behaviour: BAD
Bad count: 5

Tuesday, September 03, 2019 02:30PM:
Behaviour: BAD
Bad count: 6

Tuesday, September 03, 2019 02:30PM:
Behaviour: GOOD
Good count: 1

Tuesday, September 03, 2019 02:30PM:
Behaviour: GOOD
Good count: 2

Tuesday, September 03, 2019 02:30PM:
Behaviour: GOOD
Good count: 3

Tuesday, September 03, 2019 02:30PM:
Behaviour: GOOD
Good count: 4

Tuesday, September 03, 2019 02:30PM:
Behaviour: GOOD
Good count: 5

Tuesday, September 03, 2019 02:30PM:
Behaviour: GOOD
Good count: 6

Tuesday, September 03, 2019 03:15PM:
Behaviour: GOOD
Good count: 1

Tuesday, September 03, 2019 03:15PM:
Behaviour: GOOD
Good count: 2

Tuesday, September 03, 2019 03:15PM:
Behaviour: GOOD
Good count: 3

Tuesday, September 03, 2019 03:15PM:
Behaviour: GOOD
Good count: 4

Tuesday, September 03, 2019 03:15PM:
Behaviour: GOOD
Good count: 5

Tuesday, September 03, 2019 03:15PM:
Behaviour: GOOD
Good count: 6

Tuesday, September 03, 2019 03:15PM:
Behaviour: GOOD
Good count: 7

Tuesday, September 03, 2019 03:15PM:
Behaviour: GOOD
Good count: 8

Tuesday, September 03, 2019 03:15PM:
Behaviour: GOOD
Good count: 9

Tuesday, September 03, 2019 03:15PM:
Behaviour: GOOD
Good count: 10

Tuesday, September 03, 2019 03:15PM:
Behaviour: GOOD
Good count: 11

Tuesday, September 03, 2019 03:15PM:
Behaviour: GOOD
Good count: 12

Wednesday, September 04, 2019 08:17PM:
Behaviour: GOOD
Good count: 1

Wednesday, September 04, 2019 08:17PM:
Behaviour: GOOD
Good count: 2

Wednesday, September 04, 2019 08:17PM:
Behaviour: GOOD
Good count: 3

Wednesday, September 04, 2019 08:17PM:
Behaviour: GOOD
Good count: 4

Wednesday, September 04, 2019 08:17PM:
Behaviour: GOOD
Good count: 5

Wednesday, September 04, 2019 08:17PM:
Behaviour: GOOD
Good count: 6

Wednesday, September 04, 2019 08:17PM:
Behaviour: GOOD
Good count: 7

Wednesday, September 04, 2019 08:17PM:
Behaviour: GOOD
Good count: 8

Wednesday, September 04, 2019 08:17PM:
Behaviour: GOOD
Good count: 9

Wednesday, September 04, 2019 08:17PM:
Behaviour: GOOD
Good count: 10

Wednesday, September 04, 2019 08:17PM:
Behaviour: GOOD
Good count: 11

Wednesday, September 04, 2019 08:17PM:
Behaviour: GOOD
Good count: 12

Wednesday, September 04, 2019 08:17PM:
Behaviour: GOOD
Good count: 13

Wednesday, September 04, 2019 08:17PM:
Behaviour: GOOD
Good count: 14

Wednesday, September 04, 2019 08:17PM:
Behaviour: GOOD
Good count: 15

Wednesday, September 04, 2019 08:17PM:
Behaviour: GOOD
Good count: 16

Wednesday, September 04, 2019 08:17PM:
Behaviour: GOOD
Good count: 17

Wednesday, September 04, 2019 08:17PM:
Behaviour: GOOD
Good count: 18

Wednesday, September 04, 2019 08:17PM:
Behaviour: GOOD
Good count: 19

Wednesday, September 04, 2019 08:17PM:
Behaviour: GOOD
Good count: 20

Wednesday, September 04, 2019 08:17PM:
Behaviour: GOOD
Good count: 21

Wednesday, September 04, 2019 08:17PM:
Behaviour: BAD
Bad count: 1

Wednesday, September 04, 2019 08:17PM:
Behaviour: BAD
Bad count: 2

Wednesday, September 04, 2019 08:34PM:
Behaviour: GOOD
Good count: 1

Wednesday, September 04, 2019 08:34PM:
Behaviour: GOOD
Good count: 2

Wednesday, September 04, 2019 08:34PM:
Behaviour: GOOD
Good count: 3

Wednesday, September 04, 2019 08:34PM:
Behaviour: GOOD
Good count: 4

Wednesday, September 04, 2019 08:34PM:
Behaviour: GOOD
Good count: 5

Wednesday, September 04, 2019 08:34PM:
Behaviour: GOOD
Good count: 6

Wednesday, September 04, 2019 08:34PM:
Behaviour: GOOD
Good count: 7

Wednesday, September 04, 2019 08:34PM:
Behaviour: GOOD
Good count: 8

Wednesday, September 04, 2019 08:34PM:
Behaviour: GOOD
Good count: 9

Wednesday, September 04, 2019 08:34PM:
Behaviour: GOOD
Good count: 10

Wednesday, September 04, 2019 08:35PM:
Behaviour: GOOD
Good count: 1

Wednesday, September 04, 2019 08:35PM:
Behaviour: GOOD
Good count: 2

Wednesday, September 04, 2019 08:35PM:
Behaviour: GOOD
Good count: 3

Wednesday, September 04, 2019 08:35PM:
Behaviour: GOOD
Good count: 4

Wednesday, September 04, 2019 08:35PM:
Behaviour: GOOD
Good count: 5

Wednesday, September 04, 2019 08:35PM:
Behaviour: GOOD
Good count: 6

Wednesday, September 04, 2019 08:35PM:
Behaviour: GOOD
Good count: 7

Wednesday, September 04, 2019 08:35PM:
Behaviour: GOOD
Good count: 8

Wednesday, September 04, 2019 08:35PM:
Behaviour: GOOD
Good count: 9

Wednesday, September 04, 2019 08:35PM:
Behaviour: GOOD
Good count: 10

Wednesday, September 04, 2019 08:35PM:
Behaviour: GOOD
Good count: 11

Wednesday, September 04, 2019 08:43PM:
Behaviour: GOOD
Good count: 1

Wednesday, September 04, 2019 08:43PM:
Behaviour: GOOD
Good count: 2

Wednesday, September 04, 2019 08:44PM:
Behaviour: GOOD
Good count: 1

Wednesday, September 04, 2019 08:44PM:
Behaviour: GOOD
Good count: 2

Wednesday, September 04, 2019 08:44PM:
Behaviour: GOOD
Good count: 3

Wednesday, September 04, 2019 08:44PM:
Behaviour: GOOD
Good count: 4

Wednesday, September 04, 2019 08:44PM:
Behaviour: GOOD
Good count: 5

Wednesday, September 04, 2019 08:44PM:
Behaviour: GOOD
Good count: 6

Wednesday, September 04, 2019 08:44PM:
Behaviour: GOOD
Good count: 7

Wednesday, September 04, 2019 08:44PM:
Behaviour: GOOD
Good count: 8

Wednesday, September 04, 2019 08:44PM:
Behaviour: GOOD
Good count: 9

Wednesday, September 04, 2019 08:44PM:
Behaviour: GOOD
Good count: 10

Wednesday, September 04, 2019 08:44PM:
Behaviour: GOOD
Good count: 11

Wednesday, September 04, 2019 08:44PM:
Behaviour: GOOD
Good count: 12

Wednesday, September 04, 2019 08:44PM:
Behaviour: GOOD
Good count: 13

Wednesday, September 04, 2019 08:44PM:
Behaviour: GOOD
Good count: 14

Wednesday, September 04, 2019 08:44PM:
Behaviour: GOOD
Good count: 15

Wednesday, September 04, 2019 08:44PM:
Behaviour: GOOD
Good count: 16

Wednesday, September 04, 2019 08:44PM:
Behaviour: GOOD
Good count: 17

Wednesday, September 04, 2019 08:44PM:
Behaviour: GOOD
Good count: 18

Wednesday, September 04, 2019 08:44PM:
Behaviour: GOOD
Good count: 19

Wednesday, September 04, 2019 08:44PM:
Behaviour: GOOD
Good count: 20

Wednesday, September 04, 2019 08:44PM:
Behaviour: GOOD
Good count: 21

Wednesday, September 04, 2019 08:44PM:
Behaviour: GOOD
Good count: 22

Wednesday, September 04, 2019 08:44PM:
Behaviour: GOOD
Good count: 23

Wednesday, September 04, 2019 08:44PM:
Behaviour: GOOD
Good count: 24

Wednesday, September 04, 2019 08:44PM:
Behaviour: GOOD
Good count: 25

Wednesday, September 04, 2019 08:44PM:
Behaviour: GOOD
Good count: 26

Wednesday, September 04, 2019 08:44PM:
Behaviour: GOOD
Good count: 27

Wednesday, September 04, 2019 08:45PM:
Behaviour: GOOD
Good count: 1

Wednesday, September 04, 2019 08:45PM:
Behaviour: GOOD
Good count: 2

Wednesday, September 04, 2019 08:45PM:
Behaviour: GOOD
Good count: 3

Wednesday, September 04, 2019 08:45PM:
Behaviour: GOOD
Good count: 4

Wednesday, September 04, 2019 08:45PM:
Behaviour: GOOD
Good count: 5

Wednesday, September 04, 2019 08:45PM:
Behaviour: GOOD
Good count: 6

Wednesday, September 04, 2019 08:45PM:
Behaviour: GOOD
Good count: 7

Wednesday, September 04, 2019 08:45PM:
Behaviour: GOOD
Good count: 8

Wednesday, September 04, 2019 08:45PM:
Behaviour: GOOD
Good count: 9

Wednesday, September 04, 2019 08:45PM:
Behaviour: GOOD
Good count: 10

Wednesday, September 04, 2019 08:45PM:
Behaviour: GOOD
Good count: 11

Wednesday, September 04, 2019 08:45PM:
Behaviour: GOOD
Good count: 12

Wednesday, September 04, 2019 08:45PM:
Behaviour: GOOD
Good count: 13

Wednesday, September 04, 2019 08:46PM:
Behaviour: GOOD
Good count: 1

Wednesday, September 04, 2019 08:46PM:
Behaviour: GOOD
Good count: 2

Wednesday, September 04, 2019 08:46PM:
Behaviour: GOOD
Good count: 3

Wednesday, September 04, 2019 08:46PM:
Behaviour: GOOD
Good count: 4

Wednesday, September 04, 2019 08:46PM:
Behaviour: GOOD
Good count: 5

Wednesday, September 04, 2019 08:46PM:
Behaviour: GOOD
Good count: 6

Wednesday, September 04, 2019 08:46PM:
Behaviour: GOOD
Good count: 7

Wednesday, September 04, 2019 08:46PM:
Behaviour: GOOD
Good count: 8

Wednesday, September 04, 2019 08:46PM:
Behaviour: GOOD
Good count: 9

Wednesday, September 04, 2019 08:46PM:
Behaviour: GOOD
Good count: 10

Wednesday, September 04, 2019 08:46PM:
Behaviour: GOOD
Good count: 11

Wednesday, September 04, 2019 08:46PM:
Behaviour: GOOD
Good count: 12

Wednesday, September 04, 2019 08:46PM:
Behaviour: GOOD
Good count: 13

Wednesday, September 04, 2019 08:46PM:
Behaviour: GOOD
Good count: 14

Wednesday, September 04, 2019 08:48PM:
Behaviour: BAD
Bad count: 1

Wednesday, September 04, 2019 08:48PM:
Behaviour: BAD
Bad count: 2

Wednesday, September 04, 2019 08:48PM:
Behaviour: BAD
Bad count: 3

Wednesday, September 04, 2019 08:48PM:
Behaviour: BAD
Bad count: 1

Wednesday, September 04, 2019 08:48PM:
Behaviour: BAD
Bad count: 1

Wednesday, September 04, 2019 08:48PM:
Behaviour: BAD
Bad count: 2

Wednesday, September 04, 2019 08:48PM:
Behaviour: BAD
Bad count: 3

Wednesday, September 04, 2019 08:48PM:
Behaviour: BAD
Bad count: 4

Wednesday, September 04, 2019 08:48PM:
Behaviour: GOOD
Good count: 1

Wednesday, September 04, 2019 08:48PM:
Behaviour: GOOD
Good count: 2

Wednesday, September 04, 2019 08:48PM:
Behaviour: GOOD
Good count: 3

Wednesday, September 04, 2019 08:48PM:
Behaviour: GOOD
Good count: 4

Wednesday, September 04, 2019 08:48PM:
Behaviour: GOOD
Good count: 5

Wednesday, September 04, 2019 08:48PM:
Behaviour: GOOD
Good count: 6

Wednesday, September 04, 2019 08:48PM:
Behaviour: BAD
Bad count: 5

Wednesday, September 04, 2019 08:48PM:
Behaviour: BAD
Bad count: 6

Wednesday, September 04, 2019 08:49PM:
Behaviour: BAD
Bad count: 7

Wednesday, September 04, 2019 08:49PM:
Behaviour: BAD
Bad count: 8

Wednesday, September 04, 2019 08:49PM:
Behaviour: BAD
Bad count: 9

Wednesday, September 04, 2019 08:49PM:
Behaviour: BAD
Bad count: 10

Wednesday, September 04, 2019 08:49PM:
Behaviour: BAD
Bad count: 11

Wednesday, September 04, 2019 08:49PM:
Behaviour: BAD
Bad count: 12

Wednesday, September 04, 2019 08:49PM:
Behaviour: BAD
Bad count: 13

Wednesday, September 04, 2019 08:49PM:
Behaviour: BAD
Bad count: 14

Wednesday, September 04, 2019 08:49PM:
Behaviour: BAD
Bad count: 15

Wednesday, September 04, 2019 08:49PM:
Behaviour: BAD
Bad count: 16

Wednesday, September 04, 2019 08:49PM:
Behaviour: GOOD
Good count: 7

Wednesday, September 04, 2019 08:49PM:
Behaviour: GOOD
Good count: 8

Wednesday, September 04, 2019 08:49PM:
Behaviour: GOOD
Good count: 9

Wednesday, September 04, 2019 08:49PM:
Behaviour: GOOD
Good count: 10

Wednesday, September 04, 2019 08:49PM:
Behaviour: GOOD
Good count: 11

Wednesday, September 04, 2019 08:49PM:
Behaviour: GOOD
Good count: 12

Wednesday, September 04, 2019 08:49PM:
Behaviour: GOOD
Good count: 13

Wednesday, September 04, 2019 08:49PM:
Behaviour: GOOD
Good count: 14

Wednesday, September 04, 2019 08:49PM:
Behaviour: GOOD
Good count: 15

Wednesday, September 04, 2019 08:49PM:
Behaviour: GOOD
Good count: 16

Wednesday, September 04, 2019 08:49PM:
Behaviour: GOOD
Good count: 17

Wednesday, September 04, 2019 08:49PM:
Behaviour: GOOD
Good count: 18

Wednesday, September 04, 2019 08:49PM:
Behaviour: GOOD
Good count: 19

Wednesday, September 04, 2019 08:49PM:
Behaviour: GOOD
Good count: 1

Wednesday, September 04, 2019 08:49PM:
Behaviour: GOOD
Good count: 2

Wednesday, September 04, 2019 08:49PM:
Behaviour: BAD
Bad count: 1

Wednesday, September 04, 2019 08:49PM:
Behaviour: BAD
Bad count: 2

Wednesday, September 04, 2019 08:49PM:
Behaviour: BAD
Bad count: 3

Wednesday, September 04, 2019 08:49PM:
Behaviour: BAD
Bad count: 4

